<?xml version="1.0" encoding="UTF-8"?>
<testsuite xmlns:xsi="http://www.w3.org/2001/XMLSchema-instance" xsi:noNamespaceSchemaLocation="https://maven.apache.org/surefire/maven-surefire-plugin/xsd/surefire-test-report-3.0.xsd" version="3.0" name="com.apitests.backend.HttpBinApiTests" time="12.255" tests="3" errors="0" skipped="0" failures="0">
  <properties>
[...]
</properties>
  <testcase name="testHttpBinOnlinePost" classname="com.apitests.backend.HttpBinApiTests" time="9.937"/>
  <testcase name="testHttpBinOnlineGet" classname="com.apitests.backend.HttpBinApiTests" time="0.398"/>
  <testcase name="testHttpBinOnlinePut" classname="com.apitests.backend.HttpBinApiTests" time="1.566"/>
</testsuite>